warning: tohost and fromhost symbols not in ELF; can't communicate with target
core   0: 0x0000000000001000 (0x00000297) auipc   t0, 0x0
3 0x0000000000001000 (0x00000297) x 5 0x0000000000001000
core   0: 0x0000000000001004 (0x02028593) addi    a1, t0, 32
3 0x0000000000001004 (0x02028593) x11 0x0000000000001020
core   0: 0x0000000000001008 (0xf1402573) csrr    a0, mhartid
3 0x0000000000001008 (0xf1402573) x10 0x0000000000000000
core   0: 0x000000000000100c (0x0182b283) ld      t0, 24(t0)
3 0x000000000000100c (0x0182b283) x 5 0x0000000080000000
core   0: 0x0000000000001010 (0x00028067) jr      t0
core   0: 0x0000000080000000 (0x00008137) lui     sp, 0x8
3 0x0000000080000000 (0x00008137) x 2 0x0000000000008000
core   0: 0x0000000080000004 (0x00f1011b) addiw   sp, sp, 15
3 0x0000000080000004 (0x00f1011b) x 2 0x000000000000800f
core   0: 0x0000000080000008 (0x01011113) slli    sp, sp, 16
3 0x0000000080000008 (0x01011113) x 2 0x00000000800f0000
core   0: 0x000000008000000c (0xf14020f3) csrr    ra, mhartid
3 0x000000008000000c (0xf14020f3) x 1 0x0000000000000000
core   0: 0x0000000080000010 (0x00d09093) slli    ra, ra, 13
3 0x0000000080000010 (0x00d09093) x 1 0x0000000000000000
core   0: 0x0000000080000014 (0x40110133) sub     sp, sp, ra
3 0x0000000080000014 (0x40110133) x 2 0x00000000800f0000
core   0: 0x0000000080000018 (0x34011073) csrw    mscratch, sp
core   0: 0x000000008000001c (0x00100093) li      ra, 1
3 0x000000008000001c (0x00100093) x 1 0x0000000000000001
core   0: 0x0000000080000020 (0x00c09093) slli    ra, ra, 12
3 0x0000000080000020 (0x00c09093) x 1 0x0000000000001000
core   0: 0x0000000080000024 (0x40110133) sub     sp, sp, ra
3 0x0000000080000024 (0x40110133) x 2 0x00000000800ef000
core   0: 0x0000000080000028 (0x00000097) auipc   ra, 0x0
3 0x0000000080000028 (0x00000097) x 1 0x0000000080000028
core   0: 0x000000008000002c (0x7400b083) ld      ra, 1856(ra)
3 0x000000008000002c (0x7400b083) x 1 0x0000000080000154
core   0: 0x0000000080000030 (0x30509073) csrw    mtvec, ra
core   0: 0x0000000080000034 (0x00000093) li      ra, 0
3 0x0000000080000034 (0x00000093) x 1 0x0000000000000000
core   0: 0x0000000080000038 (0x00000193) li      gp, 0
3 0x0000000080000038 (0x00000193) x 3 0x0000000000000000
core   0: 0x000000008000003c (0x00000213) li      tp, 0
3 0x000000008000003c (0x00000213) x 4 0x0000000000000000
core   0: 0x0000000080000040 (0x00000293) li      t0, 0
3 0x0000000080000040 (0x00000293) x 5 0x0000000000000000
core   0: 0x0000000080000044 (0x00000313) li      t1, 0
3 0x0000000080000044 (0x00000313) x 6 0x0000000000000000
core   0: 0x0000000080000048 (0x00000393) li      t2, 0
3 0x0000000080000048 (0x00000393) x 7 0x0000000000000000
core   0: 0x000000008000004c (0x00000413) li      s0, 0
3 0x000000008000004c (0x00000413) x 8 0x0000000000000000
core   0: 0x0000000080000050 (0x00000493) li      s1, 0
3 0x0000000080000050 (0x00000493) x 9 0x0000000000000000
core   0: 0x0000000080000054 (0x00000513) li      a0, 0
3 0x0000000080000054 (0x00000513) x10 0x0000000000000000
core   0: 0x0000000080000058 (0x00000593) li      a1, 0
3 0x0000000080000058 (0x00000593) x11 0x0000000000000000
core   0: 0x000000008000005c (0x00000613) li      a2, 0
3 0x000000008000005c (0x00000613) x12 0x0000000000000000
core   0: 0x0000000080000060 (0x00000693) li      a3, 0
3 0x0000000080000060 (0x00000693) x13 0x0000000000000000
core   0: 0x0000000080000064 (0x00000713) li      a4, 0
3 0x0000000080000064 (0x00000713) x14 0x0000000000000000
core   0: 0x0000000080000068 (0x00000793) li      a5, 0
3 0x0000000080000068 (0x00000793) x15 0x0000000000000000
core   0: 0x000000008000006c (0x00000813) li      a6, 0
3 0x000000008000006c (0x00000813) x16 0x0000000000000000
core   0: 0x0000000080000070 (0x00000893) li      a7, 0
3 0x0000000080000070 (0x00000893) x17 0x0000000000000000
core   0: 0x0000000080000074 (0x00000913) li      s2, 0
3 0x0000000080000074 (0x00000913) x18 0x0000000000000000
core   0: 0x0000000080000078 (0x00000993) li      s3, 0
3 0x0000000080000078 (0x00000993) x19 0x0000000000000000
core   0: 0x000000008000007c (0x00000a13) li      s4, 0
3 0x000000008000007c (0x00000a13) x20 0x0000000000000000
core   0: 0x0000000080000080 (0x00000a93) li      s5, 0
3 0x0000000080000080 (0x00000a93) x21 0x0000000000000000
core   0: 0x0000000080000084 (0x00000b13) li      s6, 0
3 0x0000000080000084 (0x00000b13) x22 0x0000000000000000
core   0: 0x0000000080000088 (0x00000b93) li      s7, 0
3 0x0000000080000088 (0x00000b93) x23 0x0000000000000000
core   0: 0x000000008000008c (0x00000c13) li      s8, 0
3 0x000000008000008c (0x00000c13) x24 0x0000000000000000
core   0: 0x0000000080000090 (0x00000c93) li      s9, 0
3 0x0000000080000090 (0x00000c93) x25 0x0000000000000000
core   0: 0x0000000080000094 (0x00000d13) li      s10, 0
3 0x0000000080000094 (0x00000d13) x26 0x0000000000000000
core   0: 0x0000000080000098 (0x00000d93) li      s11, 0
3 0x0000000080000098 (0x00000d93) x27 0x0000000000000000
core   0: 0x000000008000009c (0x00000e13) li      t3, 0
3 0x000000008000009c (0x00000e13) x28 0x0000000000000000
core   0: 0x00000000800000a0 (0x00000e93) li      t4, 0
3 0x00000000800000a0 (0x00000e93) x29 0x0000000000000000
core   0: 0x00000000800000a4 (0x00000f13) li      t5, 0
3 0x00000000800000a4 (0x00000f13) x30 0x0000000000000000
core   0: 0x00000000800000a8 (0x00000f93) li      t6, 0
3 0x00000000800000a8 (0x00000f93) x31 0x0000000000000000
core   0: 0x00000000800000ac (0x00c000ef) jal     pc + 0xc
3 0x00000000800000ac (0x00c000ef) x 1 0x00000000800000b0
core   0: 0x00000000800000b8 (0xf1402273) csrr    tp, mhartid
3 0x00000000800000b8 (0xf1402273) x 4 0x0000000000000000
core   0: 0x00000000800000bc (0x00321213) slli    tp, tp, 3
3 0x00000000800000bc (0x00321213) x 4 0x0000000000000000
core   0: 0x00000000800000c0 (0x001011b7) lui     gp, 0x101
3 0x00000000800000c0 (0x001011b7) x 3 0x0000000000101000
core   0: 0x00000000800000c4 (0x004181b3) add     gp, gp, tp
3 0x00000000800000c4 (0x004181b3) x 3 0x0000000000101000
core   0: 0x00000000800000c8 (0x04800113) li      sp, 72
3 0x00000000800000c8 (0x04800113) x 2 0x0000000000000048
core   0: 0x00000000800000cc (0x00218023) sb      sp, 0(gp)
core   0: 0x00000000800000d0 (0x06500113) li      sp, 101
3 0x00000000800000d0 (0x06500113) x 2 0x0000000000000065
core   0: 0x00000000800000d4 (0x00218023) sb      sp, 0(gp)
core   0: 0x00000000800000d8 (0x06c00113) li      sp, 108
3 0x00000000800000d8 (0x06c00113) x 2 0x000000000000006c
core   0: 0x00000000800000dc (0x00218023) sb      sp, 0(gp)
core   0: 0x00000000800000e0 (0x06c00113) li      sp, 108
3 0x00000000800000e0 (0x06c00113) x 2 0x000000000000006c
core   0: 0x00000000800000e4 (0x00218023) sb      sp, 0(gp)
core   0: 0x00000000800000e8 (0x06f00113) li      sp, 111
3 0x00000000800000e8 (0x06f00113) x 2 0x000000000000006f
core   0: 0x00000000800000ec (0x00218023) sb      sp, 0(gp)
core   0: 0x00000000800000f0 (0x02000113) li      sp, 32
3 0x00000000800000f0 (0x02000113) x 2 0x0000000000000020
core   0: 0x00000000800000f4 (0x00218023) sb      sp, 0(gp)
core   0: 0x00000000800000f8 (0x07700113) li      sp, 119
3 0x00000000800000f8 (0x07700113) x 2 0x0000000000000077
core   0: 0x00000000800000fc (0x00218023) sb      sp, 0(gp)
core   0: 0x0000000080000100 (0x06f00113) li      sp, 111
3 0x0000000080000100 (0x06f00113) x 2 0x000000000000006f
core   0: 0x0000000080000104 (0x00218023) sb      sp, 0(gp)
core   0: 0x0000000080000108 (0x07200113) li      sp, 114
3 0x0000000080000108 (0x07200113) x 2 0x0000000000000072
core   0: 0x000000008000010c (0x00218023) sb      sp, 0(gp)
core   0: 0x0000000080000110 (0x06c00113) li      sp, 108
3 0x0000000080000110 (0x06c00113) x 2 0x000000000000006c
core   0: 0x0000000080000114 (0x00218023) sb      sp, 0(gp)
core   0: 0x0000000080000118 (0x06400113) li      sp, 100
3 0x0000000080000118 (0x06400113) x 2 0x0000000000000064
core   0: 0x000000008000011c (0x00218023) sb      sp, 0(gp)
core   0: 0x0000000080000120 (0x02100113) li      sp, 33
3 0x0000000080000120 (0x02100113) x 2 0x0000000000000021
core   0: 0x0000000080000124 (0x00218023) sb      sp, 0(gp)
core   0: 0x0000000080000128 (0x00018023) sb      zero, 0(gp)
core   0: 0x000000008000012c (0x001022b7) lui     t0, 0x102
3 0x000000008000012c (0x001022b7) x 5 0x0000000000102000
core   0: 0x0000000080000130 (0x004282b3) add     t0, t0, tp
3 0x0000000080000130 (0x004282b3) x 5 0x0000000000102000
core   0: 0x0000000080000134 (0x00000313) li      t1, 0
3 0x0000000080000134 (0x00000313) x 6 0x0000000000000000
core   0: 0x0000000080000138 (0x00628023) sb      t1, 0(t0)
